<?xml version="1.0" encoding="UTF-8"?>
<testng-results ignored="0" total="1" passed="1" failed="0" skipped="0">
  <reporter-output>
  </reporter-output>
  <suite started-at="2025-04-28T00:49:17 IST" name="Default suite" finished-at="2025-04-28T00:51:27 IST" duration-ms="129555">
    <groups>
    </groups>
    <test started-at="2025-04-28T00:49:17 IST" name="Default test" finished-at="2025-04-28T00:51:27 IST" duration-ms="129555">
      <class name="wsTestPkg.IgpLoginTest">
        <test-method is-config="true" signature="setup()[pri:0, instance:wsTestPkg.IgpLoginTest@385c9627]" started-at="2025-04-28T00:49:17 IST" name="setup" finished-at="2025-04-28T00:49:34 IST" duration-ms="17086" status="PASS">
          <reporter-output>
          </reporter-output>
        </test-method> <!-- setup -->
        <test-method signature="igpdatadriven()[pri:0, instance:wsTestPkg.IgpLoginTest@385c9627]" started-at="2025-04-28T00:49:35 IST" name="igpdatadriven" finished-at="2025-04-28T00:51:26 IST" duration-ms="111605" status="PASS">
          <reporter-output>
          </reporter-output>
        </test-method> <!-- igpdatadriven -->
        <test-method is-config="true" signature="tearDown()[pri:0, instance:wsTestPkg.IgpLoginTest@385c9627]" started-at="2025-04-28T00:51:26 IST" name="tearDown" finished-at="2025-04-28T00:51:27 IST" duration-ms="693" status="PASS">
          <reporter-output>
          </reporter-output>
        </test-method> <!-- tearDown -->
      </class> <!-- wsTestPkg.IgpLoginTest -->
    </test> <!-- Default test -->
  </suite> <!-- Default suite -->
</testng-results>
